# JRE version: OpenJDK Runtime Environment (8.0_242-b01) (build 1.8.0_242-release-1644-b01)
# Java VM: OpenJDK 64-Bit Server VM (25.242-b01 mixed mode windows-amd64 compressed oops)
Heap:
 PSYoungGen      total 577024K, used 341084K [0x00000000d5580000, 0x00000000fef00000, 0x0000000100000000)
  eden space 472576K, 63% used [0x00000000d5580000,0x00000000e7911d28,0x00000000f2300000)
  from space 104448K, 40% used [0x00000000f8900000,0x00000000fb2855b8,0x00000000fef00000)
  to   space 104448K, 0% used [0x00000000f2300000,0x00000000f2300000,0x00000000f8900000)
 ParOldGen       total 502784K, used 83570K [0x0000000080000000, 0x000000009eb00000, 0x00000000d5580000)
  object space 502784K, 16% used [0x0000000080000000,0x000000008519cb78,0x000000009eb00000)
 Metaspace       used 162305K, capacity 173048K, committed 173400K, reserved 1200128K
  class space    used 20574K, capacity 22400K, committed 22656K, reserved 1048576K
GC Heap History (10 events):
Event: 17669.682 GC heap before
{Heap before GC invocations=83 (full 9):
 PSYoungGen      total 564736K, used 506628K [0x00000000d5580000, 0x0000000100000000, 0x0000000100000000)
  eden space 440832K, 100% used [0x00000000d5580000,0x00000000f0400000,0x00000000f0400000)
  from space 123904K, 53% used [0x00000000f0400000,0x00000000f4441128,0x00000000f7d00000)
  to   space 122880K, 0% used [0x00000000f8800000,0x00000000f8800000,0x0000000100000000)
 ParOldGen       total 502784K, used 83546K [0x0000000080000000, 0x000000009eb00000, 0x00000000d5580000)
  object space 502784K, 16% used [0x0000000080000000,0x0000000085196b78,0x000000009eb00000)
 Metaspace       used 161828K, capacity 172424K, committed 172888K, reserved 1200128K
  class space    used 20551K, capacity 22362K, committed 22656K, reserved 1048576K
Event: 17669.752 GC heap after
Heap after GC invocations=83 (full 9):
 PSYoungGen      total 571904K, used 66650K [0x00000000d5580000, 0x00000000ffd00000, 0x0000000100000000)
  eden space 452096K, 0% used [0x00000000d5580000,0x00000000d5580000,0x00000000f0f00000)
  from space 119808K, 55% used [0x00000000f8800000,0x00000000fc916b98,0x00000000ffd00000)
  to   space 121856K, 0% used [0x00000000f0f00000,0x00000000f0f00000,0x00000000f8600000)
 ParOldGen       total 502784K, used 83546K [0x0000000080000000, 0x000000009eb00000, 0x00000000d5580000)
  object space 502784K, 16% used [0x0000000080000000,0x0000000085196b78,0x000000009eb00000)
 Metaspace       used 161828K, capacity 172424K, committed 172888K, reserved 1200128K
  class space    used 20551K, capacity 22362K, committed 22656K, reserved 1048576K
}
Event: 17670.856 GC heap before
{Heap before GC invocations=84 (full 9):
 PSYoungGen      total 571904K, used 518746K [0x00000000d5580000, 0x00000000ffd00000, 0x0000000100000000)
  eden space 452096K, 100% used [0x00000000d5580000,0x00000000f0f00000,0x00000000f0f00000)
  from space 119808K, 55% used [0x00000000f8800000,0x00000000fc916b98,0x00000000ffd00000)
  to   space 121856K, 0% used [0x00000000f0f00000,0x00000000f0f00000,0x00000000f8600000)
 ParOldGen       total 502784K, used 83546K [0x0000000080000000, 0x000000009eb00000, 0x00000000d5580000)
  object space 502784K, 16% used [0x0000000080000000,0x0000000085196b78,0x000000009eb00000)
 Metaspace       used 161838K, capacity 172494K, committed 172888K, reserved 1200128K
  class space    used 20552K, capacity 22363K, committed 22656K, reserved 1048576K
Event: 17670.875 GC heap after
Heap after GC invocations=84 (full 9):
 PSYoungGen      total 573952K, used 37879K [0x00000000d5580000, 0x00000000ff900000, 0x0000000100000000)
  eden space 452096K, 0% used [0x00000000d5580000,0x00000000d5580000,0x00000000f0f00000)
  from space 121856K, 31% used [0x00000000f0f00000,0x00000000f33fdf28,0x00000000f8600000)
  to   space 117248K, 0% used [0x00000000f8680000,0x00000000f8680000,0x00000000ff900000)
 ParOldGen       total 502784K, used 83554K [0x0000000080000000, 0x000000009eb00000, 0x00000000d5580000)
  object space 502784K, 16% used [0x0000000080000000,0x0000000085198b78,0x000000009eb00000)
 Metaspace       used 161838K, capacity 172494K, committed 172888K, reserved 1200128K
  class space    used 20552K, capacity 22363K, committed 22656K, reserved 1048576K
}
Event: 17737.233 GC heap before
{Heap before GC invocations=85 (full 9):
 PSYoungGen      total 573952K, used 489975K [0x00000000d5580000, 0x00000000ff900000, 0x0000000100000000)
  eden space 452096K, 100% used [0x00000000d5580000,0x00000000f0f00000,0x00000000f0f00000)
  from space 121856K, 31% used [0x00000000f0f00000,0x00000000f33fdf28,0x00000000f8600000)
  to   space 117248K, 0% used [0x00000000f8680000,0x00000000f8680000,0x00000000ff900000)
 ParOldGen       total 502784K, used 83554K [0x0000000080000000, 0x000000009eb00000, 0x00000000d5580000)
  object space 502784K, 16% used [0x0000000080000000,0x0000000085198b78,0x000000009eb00000)
 Metaspace       used 161952K, capacity 172572K, committed 172888K, reserved 1200128K
  class space    used 20560K, capacity 22376K, committed 22656K, reserved 1048576K
Event: 17737.246 GC heap after
Heap after GC invocations=85 (full 9):
 PSYoungGen      total 575488K, used 20489K [0x00000000d5580000, 0x00000000ff880000, 0x0000000100000000)
  eden space 458752K, 0% used [0x00000000d5580000,0x00000000d5580000,0x00000000f1580000)
  from space 116736K, 17% used [0x00000000f8680000,0x00000000f9a82568,0x00000000ff880000)
  to   space 115712K, 0% used [0x00000000f1580000,0x00000000f1580000,0x00000000f8680000)
 ParOldGen       total 502784K, used 83554K [0x0000000080000000, 0x000000009eb00000, 0x00000000d5580000)
  object space 502784K, 16% used [0x0000000080000000,0x0000000085198b78,0x000000009eb00000)
 Metaspace       used 161952K, capacity 172572K, committed 172888K, reserved 1200128K
  class space    used 20560K, capacity 22376K, committed 22656K, reserved 1048576K
}
Event: 18377.165 GC heap before
{Heap before GC invocations=86 (full 9):
 PSYoungGen      total 575488K, used 478584K [0x00000000d5580000, 0x00000000ff880000, 0x0000000100000000)
  eden space 458752K, 99% used [0x00000000d5580000,0x00000000f14dbaa0,0x00000000f1580000)
  from space 116736K, 17% used [0x00000000f8680000,0x00000000f9a82568,0x00000000ff880000)
  to   space 115712K, 0% used [0x00000000f1580000,0x00000000f1580000,0x00000000f8680000)
 ParOldGen       total 502784K, used 83554K [0x0000000080000000, 0x000000009eb00000, 0x00000000d5580000)
  object space 502784K, 16% used [0x0000000080000000,0x0000000085198b78,0x000000009eb00000)
 Metaspace       used 162056K, capacity 172744K, committed 173144K, reserved 1200128K
  class space    used 20565K, capacity 22384K, committed 22656K, reserved 1048576K
Event: 18377.180 GC heap after
Heap after GC invocations=86 (full 9):
 PSYoungGen      total 574464K, used 37958K [0x00000000d5580000, 0x00000000ff500000, 0x0000000100000000)
  eden space 458752K, 0% used [0x00000000d5580000,0x00000000d5580000,0x00000000f1580000)
  from space 115712K, 32% used [0x00000000f1580000,0x00000000f3a91810,0x00000000f8680000)
  to   space 110592K, 0% used [0x00000000f8900000,0x00000000f8900000,0x00000000ff500000)
 ParOldGen       total 502784K, used 83562K [0x0000000080000000, 0x000000009eb00000, 0x00000000d5580000)
  object space 502784K, 16% used [0x0000000080000000,0x000000008519ab78,0x000000009eb00000)
 Metaspace       used 162056K, capacity 172744K, committed 173144K, reserved 1200128K
  class space    used 20565K, capacity 22384K, committed 22656K, reserved 1048576K
}
Event: 18421.462 GC heap before
{Heap before GC invocations=87 (full 9):
 PSYoungGen      total 574464K, used 496710K [0x00000000d5580000, 0x00000000ff500000, 0x0000000100000000)
  eden space 458752K, 100% used [0x00000000d5580000,0x00000000f1580000,0x00000000f1580000)
  from space 115712K, 32% used [0x00000000f1580000,0x00000000f3a91810,0x00000000f8680000)
  to   space 110592K, 0% used [0x00000000f8900000,0x00000000f8900000,0x00000000ff500000)
 ParOldGen       total 502784K, used 83562K [0x0000000080000000, 0x000000009eb00000, 0x00000000d5580000)
  object space 502784K, 16% used [0x0000000080000000,0x000000008519ab78,0x000000009eb00000)
 Metaspace       used 162241K, capacity 172906K, committed 173400K, reserved 1200128K
  class space    used 20573K, capacity 22399K, committed 22656K, reserved 1048576K
Event: 18421.480 GC heap after
Heap after GC invocations=87 (full 9):
 PSYoungGen      total 577024K, used 42517K [0x00000000d5580000, 0x00000000fef00000, 0x0000000100000000)
  eden space 472576K, 0% used [0x00000000d5580000,0x00000000d5580000,0x00000000f2300000)
  from space 104448K, 40% used [0x00000000f8900000,0x00000000fb2855b8,0x00000000fef00000)
  to   space 104448K, 0% used [0x00000000f2300000,0x00000000f2300000,0x00000000f8900000)
 ParOldGen       total 502784K, used 83570K [0x0000000080000000, 0x000000009eb00000, 0x00000000d5580000)
  object space 502784K, 16% used [0x0000000080000000,0x000000008519cb78,0x000000009eb00000)
 Metaspace       used 162241K, capacity 172906K, committed 173400K, reserved 1200128K
  class space    used 20573K, capacity 22399K, committed 22656K, reserved 1048576K
}

